0 info it worked if it ends with ok
1 verbose cli [ 'C:\\Program Files\\nodejs\\node.exe',
1 verbose cli   'C:\\Program Files\\nodejs\\node_modules\\npm\\bin\\npm-cli.js',
1 verbose cli   'run',
1 verbose cli   'lint' ]
2 info using npm@3.10.10
3 info using node@v6.11.2
4 verbose run-script [ 'prelint', 'lint', 'postlint' ]
5 info lifecycle Classifi_Server@0.0.1~prelint: Classifi_Server@0.0.1
6 silly lifecycle Classifi_Server@0.0.1~prelint: no script for prelint, continuing
7 info lifecycle Classifi_Server@0.0.1~lint: Classifi_Server@0.0.1
8 verbose lifecycle Classifi_Server@0.0.1~lint: unsafe-perm in lifecycle true
9 verbose lifecycle Classifi_Server@0.0.1~lint: PATH: C:\Program Files\nodejs\node_modules\npm\bin\node-gyp-bin;D:\Documents\Coding\WebDevelopment\Classifi_Server\node_modules\.bin;C:\ProgramData\Oracle\Java\javapath;C:\Windows\system32;C:\Windows;C:\Windows\System32\Wbem;C:\Windows\System32\WindowsPowerShell\v1.0\;C:\Program Files (x86)\GtkSharp\2.12\bin;C:\Program Files\Microsoft SQL Server\130\Tools\Binn\;C:\Program Files\dotnet\;D:\Program Files\Git\cmd;D:\xampp\php;C:\Users\shubh\Documents\Android-sdk\platform-tools;C:\Program Files\Java\jdk1.8.0_131\bin;;C:\TDM-GCC-64\bin;C:\Program Files\nodejs\;C:\Ruby200-x64\bin;C:\Users\shubh\AppData\Local\Microsoft\WindowsApps;C:\Program Files (x86)\Microsoft VS Code\bin;C:\Users\shubh\AppData\Roaming\npm;C:\Program Files\Heroku\bin
10 verbose lifecycle Classifi_Server@0.0.1~lint: CWD: D:\Documents\Coding\WebDevelopment\Classifi_Server
11 silly lifecycle Classifi_Server@0.0.1~lint: Args: [ '/d /s /c', 'eslint res/js/' ]
12 silly lifecycle Classifi_Server@0.0.1~lint: Returned: code: 1  signal: null
13 info lifecycle Classifi_Server@0.0.1~lint: Failed to exec lint script
14 verbose stack Error: Classifi_Server@0.0.1 lint: `eslint res/js/`
14 verbose stack Exit status 1
14 verbose stack     at EventEmitter.<anonymous> (C:\Program Files\nodejs\node_modules\npm\lib\utils\lifecycle.js:255:16)
14 verbose stack     at emitTwo (events.js:106:13)
14 verbose stack     at EventEmitter.emit (events.js:191:7)
14 verbose stack     at ChildProcess.<anonymous> (C:\Program Files\nodejs\node_modules\npm\lib\utils\spawn.js:40:14)
14 verbose stack     at emitTwo (events.js:106:13)
14 verbose stack     at ChildProcess.emit (events.js:191:7)
14 verbose stack     at maybeClose (internal/child_process.js:891:16)
14 verbose stack     at Process.ChildProcess._handle.onexit (internal/child_process.js:226:5)
15 verbose pkgid Classifi_Server@0.0.1
16 verbose cwd D:\Documents\Coding\WebDevelopment\Classifi_Server
17 error Windows_NT 10.0.15063
18 error argv "C:\\Program Files\\nodejs\\node.exe" "C:\\Program Files\\nodejs\\node_modules\\npm\\bin\\npm-cli.js" "run" "lint"
19 error node v6.11.2
20 error npm  v3.10.10
21 error code ELIFECYCLE
22 error Classifi_Server@0.0.1 lint: `eslint res/js/`
22 error Exit status 1
23 error Failed at the Classifi_Server@0.0.1 lint script 'eslint res/js/'.
23 error Make sure you have the latest version of node.js and npm installed.
23 error If you do, this is most likely a problem with the Classifi_Server package,
23 error not with npm itself.
23 error Tell the author that this fails on your system:
23 error     eslint res/js/
23 error You can get information on how to open an issue for this project with:
23 error     npm bugs Classifi_Server
23 error Or if that isn't available, you can get their info via:
23 error     npm owner ls Classifi_Server
23 error There is likely additional logging output above.
24 verbose exit [ 1, true ]
